{"timestamp": "2026-06-18T00:06:02.923395", "order_id": "0BSSSWCR056QJ", "line_item_id": "PA9V8SQXS0CNY", "amount": 2.99, "amount_cents": 299, "description": "Tea", "status": "paid", "charge_id": "43HBX0SD0DD22"}
{"timestamp": "2026-06-18T00:19:52.886140", "order_id": "YH0HKVYTPJ81P", "line_item_id": "2H9KDYBNQBCFT", "amount": 2.99, "amount_cents": 299, "description": "cake", "status": "paid", "charge_id": "6S01KCDDPQ15P"}
{"timestamp": "2026-06-18T00:19:58.660034", "order_id": "4JMK3CMY96DZT", "line_item_id": "885CRZTAQAVXM", "amount": 2.99, "amount_cents": 299, "description": "cake", "status": "paid", "charge_id": "K3DCGMKAKT4TR"}
{"timestamp": "2026-06-18T00:24:58.654669", "order_id": "Q3AGVK1TVHXZW", "line_item_id": "3XPKSXP2ZFRSM", "amount": 4.99, "amount_cents": 499, "description": "macha", "status": "paid", "charge_id": "Q4Y5MM1FG9E56"}
{"timestamp": "2026-06-18T00:27:29.900597", "order_id": "882DP1S3C62KJ", "line_item_id": "29613HDPMQ6DC", "amount": 1.0, "amount_cents": 100, "description": "2341", "status": "paid", "charge_id": "5AY9S1ZEZQ2WW"}
{"timestamp": "2026-06-18T00:27:31.743806", "order_id": "YPK8WTHKPES0Y", "line_item_id": "EJXVGRVFRXW0E", "amount": 1.0, "amount_cents": 100, "description": "2341", "status": "paid", "charge_id": "YB2BMFZQN2PXC"}
{"timestamp": "2026-06-18T00:37:59.771180", "order_id": "7F19XB1P1D75R", "line_item_id": "R9F7BKAQ0QEJE", "amount": 0.99, "amount_cents": 99, "description": "mini-pie", "status": null, "charge_id": null}
{"timestamp": "2026-06-18T00:39:03.058122", "order_id": "FQ854Q08BZSNT", "line_item_id": "NJANYNBA0R72J", "amount": 6.99, "amount_cents": 699, "description": "chocolate", "status": null, "charge_id": null}
{"timestamp": "2026-06-18T00:40:09.932738", "order_id": "7762PH08TT2HY", "line_item_id": "KT7JVFH8PCQEW", "amount": 9.99, "amount_cents": 999, "description": "ez", "status": null, "charge_id": null}
{"timestamp": "2026-06-18T00:42:44.552372", "order_id": "0KX5W76WMFM1T", "line_item_id": "R8E5KS1D34X3C", "amount": 6.99, "amount_cents": 699, "description": "chocolate", "status": null, "charge_id": null}
{"timestamp": "2026-06-18T01:23:42.069063", "order_id": "PD8DYM89G8EET", "line_item_id": "XS8JGP925Y9KG", "amount": 6.99, "amount_cents": 699, "description": "chocolate", "status": "paid", "charge_id": "T0Q6QWA8NNQVE"}
{"timestamp": "2026-06-18T01:32:43.768956", "order_id": "64FKN2KG50MJE", "line_item_id": "ZZ85NY7G9PZK4", "amount": 2.99, "amount_cents": 299, "description": "choco", "status": "paid", "charge_id": "FQRDZFNPP5W1J"}
{"timestamp": "2026-06-18T01:44:00.452971", "order_id": "PHKFDK86PDC96", "line_item_id": "S9MAP65MB38WC", "amount": 2.99, "amount_cents": 299, "description": "mega knight", "status": "paid", "charge_id": "X16Z35WGEZ4KP"}
{"timestamp": "2026-06-18T01:46:32.705160", "order_id": "2EDTKP1S31P96", "line_item_id": "87G70JPYV7QSA", "amount": 20.99, "amount_cents": 2099, "description": "cat", "status": "paid", "charge_id": "HDTWDXM32JZZA"}
{"timestamp": "2026-06-18T03:45:46.954126", "amount": 1.0, "description": "miao", "status": "failed", "error": "402 Client Error: Payment Required for url: https://scl-sandbox.dev.clover.com/v1/orders/NY5DKNCRMTGQY/pay"}
{"timestamp": "2026-06-18T03:45:48.279876", "amount": 1.0, "description": "miao", "status": "failed", "error": "402 Client Error: Payment Required for url: https://scl-sandbox.dev.clover.com/v1/orders/SGY90GN3B3KG2/pay"}
{"timestamp": "2026-06-18T03:45:48.688098", "amount": 1.0, "description": "miao", "status": "failed", "error": "402 Client Error: Payment Required for url: https://scl-sandbox.dev.clover.com/v1/orders/RK6VZ1JE9GSGA/pay"}
{"timestamp": "2026-06-18T03:45:48.978149", "amount": 1.0, "description": "miao", "status": "failed", "error": "402 Client Error: Payment Required for url: https://scl-sandbox.dev.clover.com/v1/orders/Z8R6HJM1RDR46/pay"}
{"timestamp": "2026-06-18T03:45:49.608298", "amount": 1.0, "description": "miao", "status": "failed", "error": "402 Client Error: Payment Required for url: https://scl-sandbox.dev.clover.com/v1/orders/N0C046A8CWSHG/pay"}
{"timestamp": "2026-06-18T03:45:53.973776", "amount": 1.0, "description": "miao", "status": "failed", "error": "402 Client Error: Payment Required for url: https://scl-sandbox.dev.clover.com/v1/orders/K0CGFPFWRX7NE/pay"}
{"timestamp": "2026-06-18T03:45:55.959368", "amount": 1.0, "description": "miao", "status": "failed", "error": "402 Client Error: Payment Required for url: https://scl-sandbox.dev.clover.com/v1/orders/XSAGNWZMKTJPE/pay"}
{"timestamp": "2026-06-18T05:01:54.747302+00:00", "amount": 34.0, "description": "miao", "status": "failed", "error": "402 Client Error: Payment Required for url: https://scl-sandbox.dev.clover.com/v1/orders/XJBVGZY6T64RW/pay"}
{"timestamp": "2026-06-18T05:03:48.318833+00:00", "amount": 1.0, "description": "string", "status": "failed", "error": "402 Client Error: Payment Required for url: https://scl-sandbox.dev.clover.com/v1/orders/6R65S80RSHDK2/pay"}
{"timestamp": "2026-06-18T05:04:46.432171+00:00", "amount": 1.0, "description": "string", "status": "failed", "error": "400 Client Error: Bad Request for url: https://token-sandbox.dev.clover.com/v1/tokens"}
{"timestamp": "2026-06-18T05:33:01.987687+00:00", "amount": 2.99, "description": "coffee", "status": "failed", "error": "400 Client Error: Bad Request for url: https://token-sandbox.dev.clover.com/v1/tokens"}
{"timestamp": "2026-06-18T05:34:05.525133+00:00", "amount": 2.99, "description": "tea", "status": "failed", "error": "402 Client Error: Payment Required for url: https://scl-sandbox.dev.clover.com/v1/orders/GC0MXWAR36RYM/pay"}
{"timestamp": "2026-06-18T05:36:04.822769+00:00", "amount": 2.99, "description": "tea", "status": "failed", "error": "402 Client Error: Payment Required for url: https://scl-sandbox.dev.clover.com/v1/orders/TS25TT6CBHN88/pay"}
{"timestamp": "2026-06-18T05:36:57.354043+00:00", "amount": 2.99, "description": "tea", "status": "failed", "error": "402 Client Error: Payment Required for url: https://scl-sandbox.dev.clover.com/v1/orders/J561ZHA7BG9PM/pay"}
{"timestamp": "2026-06-18T05:38:08.522949+00:00", "amount": 3.99, "description": "milk", "status": "failed", "error": "402 Client Error: Payment Required for url: https://scl-sandbox.dev.clover.com/v1/orders/G5GDJYSQE6736/pay"}
{"timestamp": "2026-06-18T05:44:38.873845+00:00", "amount": 100.0, "description": "cake", "status": "failed", "error": "402 Client Error: Payment Required for url: https://scl-sandbox.dev.clover.com/v1/orders/HCRGSPNVH31Q0/pay"}
